<?xml version="1.0" encoding="UTF-8"?>
<!-- Generated by org.testng.reporters.JUnitXMLReporter -->
<testsuite ignored="0" hostname="AELPT-0923" failures="0" tests="3" name="Default test" time="12.362" errors="0" timestamp="2025-07-19T17:41:09 IST">
  <testcase classname="RestAssuredTestClass.getLicenseDetails" name="getLicense" time="0.991"/>
  <testcase classname="RestAssuredTestClass.getLicenseDetails" name="sendJson" time="0.659"/>
  <testcase classname="RestAssuredTestClass.getLicenseDetails" name="sendXml" time="0.818"/>
</testsuite> <!-- Default test -->
