<?xml version="1.0" encoding="UTF-8"?>
<!-- Generated by org.testng.reporters.JUnitXMLReporter -->
<testsuite ignored="11" hostname="AELPT-0923" failures="1" tests="1" name="Test" time="9.28" errors="0" timestamp="2025-07-18T17:09:33 IST">
  <testcase classname="RestAssuredTestClass.hamcrestAssertion" name="numberAssertion" time="3.048">
    <failure type="java.lang.IllegalStateException" message="Expected response body to be verified as JSON, HTML or XML but content-type &amp;apos;text/plain&amp;apos; is not supported out of the box.
Try registering a custom parser using:
   RestAssured.registerParser(&amp;quot;text/plain&amp;quot;, &amp;lt;parser type&amp;gt;);
Content was:
Not Found
">
      <![CDATA[java.lang.IllegalStateException: Expected response body to be verified as JSON, HTML or XML but content-type 'text/plain' is not supported out of the box.
Try registering a custom parser using:
   RestAssured.registerParser("text/plain", <parser type>);
Content was:
Not Found

at org.codehaus.groovy.runtime.callsite.ConstructorSite$ConstructorSiteNoUnwrap.callConstructor(ConstructorSite.java:86)
at org.codehaus.groovy.runtime.callsite.CallSiteArray.defaultCallConstructor(CallSiteArray.java:57)
at org.codehaus.groovy.runtime.callsite.AbstractCallSite.callConstructor(AbstractCallSite.java:263)
at org.codehaus.groovy.runtime.callsite.AbstractCallSite.callConstructor(AbstractCallSite.java:277)
at io.restassured.assertion.StreamVerifier.newAssertion(StreamVerifier.groovy:49)
at io.restassured.internal.assertion.BodyMatcher.validate(BodyMatcher.java:93)
at io.restassured.internal.assertion.BodyMatcherGroup.lambda$validate$0(BodyMatcherGroup.java:30)
at java.base/java.util.stream.ReferencePipeline$3$1.accept(ReferencePipeline.java:197)
at java.base/java.util.ArrayList$ArrayListSpliterator.forEachRemaining(ArrayList.java:1625)
at java.base/java.util.stream.AbstractPipeline.copyInto(AbstractPipeline.java:509)
at java.base/java.util.stream.AbstractPipeline.wrapAndCopyInto(AbstractPipeline.java:499)
at java.base/java.util.stream.ReduceOps$ReduceOp.evaluateSequential(ReduceOps.java:921)
at java.base/java.util.stream.AbstractPipeline.evaluate(AbstractPipeline.java:234)
at java.base/java.util.stream.ReferencePipeline.collect(ReferencePipeline.java:682)
at io.restassured.internal.assertion.BodyMatcherGroup.validate(BodyMatcherGroup.java:30)
at io.restassured.internal.assertion.BodyMatcherGroup$validate$3.call(Unknown Source)
at org.codehaus.groovy.runtime.callsite.CallSiteArray.defaultCall(CallSiteArray.java:45)
at org.codehaus.groovy.runtime.callsite.AbstractCallSite.call(AbstractCallSite.java:125)
at org.codehaus.groovy.runtime.callsite.AbstractCallSite.call(AbstractCallSite.java:157)
at io.restassured.internal.ResponseSpecificationImpl$HamcrestAssertionClosure.validate(ResponseSpecificationImpl.groovy:499)
at io.restassured.internal.ResponseSpecificationImpl$HamcrestAssertionClosure$validate$1.call(Unknown Source)
at io.restassured.internal.ResponseSpecificationImpl.validateResponseIfRequired(ResponseSpecificationImpl.groovy:696)
at io.restassured.internal.ResponseSpecificationImpl.this$2$validateResponseIfRequired(ResponseSpecificationImpl.groovy)
at org.codehaus.groovy.runtime.callsite.PlainObjectMetaMethodSite.doInvoke(PlainObjectMetaMethodSite.java:43)
at org.codehaus.groovy.runtime.callsite.PogoMetaMethodSite$PogoCachedMethodSiteNoUnwrapNoCoerce.invoke(PogoMetaMethodSite.java:198)
at org.codehaus.groovy.runtime.callsite.PogoMetaMethodSite.callCurrent(PogoMetaMethodSite.java:62)
at org.codehaus.groovy.runtime.callsite.CallSiteArray.defaultCallCurrent(CallSiteArray.java:49)
at org.codehaus.groovy.runtime.callsite.AbstractCallSite.callCurrent(AbstractCallSite.java:171)
at org.codehaus.groovy.runtime.callsite.AbstractCallSite.callCurrent(AbstractCallSite.java:185)
at io.restassured.internal.ResponseSpecificationImpl.body(ResponseSpecificationImpl.groovy:270)
at io.restassured.specification.ResponseSpecification$body$1.callCurrent(Unknown Source)
at org.codehaus.groovy.runtime.callsite.CallSiteArray.defaultCallCurrent(CallSiteArray.java:49)
at org.codehaus.groovy.runtime.callsite.AbstractCallSite.callCurrent(AbstractCallSite.java:171)
at org.codehaus.groovy.runtime.callsite.AbstractCallSite.callCurrent(AbstractCallSite.java:212)
at io.restassured.internal.ResponseSpecificationImpl.body(ResponseSpecificationImpl.groovy:117)
at io.restassured.internal.ValidatableResponseOptionsImpl.body(ValidatableResponseOptionsImpl.java:244)
at RestAssuredTestClass.hamcrestAssertion.numberAssertion(hamcrestAssertion.java:19)
at java.base/java.util.ArrayList.forEach(ArrayList.java:1511)
... Removed 38 stack frames]]>
    </failure>
  </testcase> <!-- numberAssertion -->
  <testcase classname="RestAssuredTestClass.ArrayJSON" name="createUser" time="0.0">
    <ignored/>
  </testcase> <!-- createUser -->
  <testcase classname="RestAssuredTestClass.userGroup" name="unassignGroup" time="0.0">
    <ignored/>
  </testcase> <!-- unassignGroup -->
  <testcase classname="base.authentication.baseClass" name="@BeforeSuite setupReport" time="0.0">
    <ignored/>
  </testcase> <!-- @BeforeSuite setupReport -->
  <testcase classname="base.authentication.baseClass" name="@BeforeSuite setupReport" time="0.0">
    <ignored/>
  </testcase> <!-- @BeforeSuite setupReport -->
  <testcase classname="RestAssuredTestClass.userGroup" name="updateGroup" time="0.0">
    <ignored/>
  </testcase> <!-- updateGroup -->
  <testcase classname="RestAssuredTestClass.userGroup" name="deleteGroup" time="0.0">
    <ignored/>
  </testcase> <!-- deleteGroup -->
  <testcase classname="RestAssuredTestClass.userGroup" name="getGroups" time="0.0">
    <ignored/>
  </testcase> <!-- getGroups -->
  <testcase classname="RestAssuredTestClass.userGroup" name="assignUserToGroup" time="0.0">
    <ignored/>
  </testcase> <!-- assignUserToGroup -->
  <testcase classname="RestAssuredTestClass.userGroup" name="createUserGroup" time="0.0">
    <ignored/>
  </testcase> <!-- createUserGroup -->
  <testcase classname="base.authentication.baseClass" name="@AfterTest closeTest" time="0.0">
    <ignored/>
  </testcase> <!-- @AfterTest closeTest -->
  <testcase classname="base.authentication.baseClass" name="@AfterTest closeTest" time="0.0">
    <ignored/>
  </testcase> <!-- @AfterTest closeTest -->
</testsuite> <!-- Test -->
