<?xml version="1.0" encoding="UTF-8"?>
<!-- Generated by org.testng.reporters.JUnitXMLReporter -->
<testsuite ignored="0" hostname="AELPT-0923" failures="0" tests="6" name="Test" time="15.435" errors="0" timestamp="2025-07-17T22:44:59 IST">
  <testcase classname="RestAssuredTestClass.userGroup" name="getGroups" time="3.331"/>
  <testcase classname="RestAssuredTestClass.userGroup" name="createUserGroup" time="0.553"/>
  <testcase classname="RestAssuredTestClass.userGroup" name="updateGroup" time="0.266"/>
  <testcase classname="RestAssuredTestClass.userGroup" name="deleteGroup" time="0.326"/>
  <testcase classname="RestAssuredTestClass.userGroup" name="assignUserToGroup" time="0.327"/>
  <testcase classname="RestAssuredTestClass.userGroup" name="unassignGroup" time="0.325"/>
</testsuite> <!-- Test -->
