<?xml version="1.0" encoding="UTF-8"?>
<testng-results ignored="0" total="6" passed="6" failed="0" skipped="0">
  <reporter-output>
  </reporter-output>
  <suite started-at="2025-07-17T22:44:43 IST" name="Suite" finished-at="2025-07-17T22:44:59 IST" duration-ms="15435">
    <groups>
      <group name="getDetails">
        <method signature="userGroup.getGroups()[pri:1, instance:RestAssuredTestClass.userGroup@6e9a5ed8]" name="getGroups" class="RestAssuredTestClass.userGroup"/>
      </group> <!-- getDetails -->
    </groups>
    <test started-at="2025-07-17T22:44:43 IST" name="Test" finished-at="2025-07-17T22:44:59 IST" duration-ms="15435">
      <class name="RestAssuredTestClass.userGroup">
        <test-method is-config="true" signature="setupReport()[pri:0, instance:RestAssuredTestClass.userGroup@6e9a5ed8]" started-at="2025-07-17T22:44:43 IST" name="setupReport" finished-at="2025-07-17T22:44:43 IST" duration-ms="535" status="PASS">
          <reporter-output>
          </reporter-output>
        </test-method> <!-- setupReport -->
        <test-method is-config="true" signature="authenticateUser()[pri:0, instance:RestAssuredTestClass.userGroup@6e9a5ed8]" started-at="2025-07-17T22:44:43 IST" name="authenticateUser" finished-at="2025-07-17T22:44:48 IST" duration-ms="4964" status="PASS">
          <reporter-output>
          </reporter-output>
        </test-method> <!-- authenticateUser -->
        <test-method signature="getGroups()[pri:1, instance:RestAssuredTestClass.userGroup@6e9a5ed8]" started-at="2025-07-17T22:44:48 IST" name="getGroups" finished-at="2025-07-17T22:44:51 IST" duration-ms="3331" status="PASS">
          <reporter-output>
          </reporter-output>
        </test-method> <!-- getGroups -->
        <test-method is-config="true" signature="afterResult(org.testng.ITestResult)[pri:0, instance:RestAssuredTestClass.userGroup@6e9a5ed8]" started-at="2025-07-17T22:44:51 IST" name="afterResult" finished-at="2025-07-17T22:44:51 IST" duration-ms="29" status="PASS">
          <params>
            <param index="0">
              <value>
                <![CDATA[[TestResult name=getGroups status=SUCCESS method=userGroup.getGroups()[pri:1, instance:RestAssuredTestClass.userGroup@6e9a5ed8] output={null}]]]>
              </value>
            </param>
          </params>
          <reporter-output>
          </reporter-output>
        </test-method> <!-- afterResult -->
        <test-method is-config="true" signature="authenticateUser()[pri:0, instance:RestAssuredTestClass.userGroup@6e9a5ed8]" started-at="2025-07-17T22:44:51 IST" name="authenticateUser" finished-at="2025-07-17T22:44:52 IST" duration-ms="476" status="PASS">
          <reporter-output>
          </reporter-output>
        </test-method> <!-- authenticateUser -->
        <test-method signature="createUserGroup()[pri:2, instance:RestAssuredTestClass.userGroup@6e9a5ed8]" started-at="2025-07-17T22:44:52 IST" name="createUserGroup" finished-at="2025-07-17T22:44:53 IST" duration-ms="553" status="PASS">
          <reporter-output>
          </reporter-output>
        </test-method> <!-- createUserGroup -->
        <test-method is-config="true" signature="afterResult(org.testng.ITestResult)[pri:0, instance:RestAssuredTestClass.userGroup@6e9a5ed8]" started-at="2025-07-17T22:44:53 IST" name="afterResult" finished-at="2025-07-17T22:44:53 IST" duration-ms="1" status="PASS">
          <params>
            <param index="0">
              <value>
                <![CDATA[[TestResult name=createUserGroup status=SUCCESS method=userGroup.createUserGroup()[pri:2, instance:RestAssuredTestClass.userGroup@6e9a5ed8] output={null}]]]>
              </value>
            </param>
          </params>
          <reporter-output>
          </reporter-output>
        </test-method> <!-- afterResult -->
        <test-method is-config="true" signature="authenticateUser()[pri:0, instance:RestAssuredTestClass.userGroup@6e9a5ed8]" started-at="2025-07-17T22:44:53 IST" name="authenticateUser" finished-at="2025-07-17T22:44:53 IST" duration-ms="416" status="PASS">
          <reporter-output>
          </reporter-output>
        </test-method> <!-- authenticateUser -->
        <test-method signature="updateGroup()[pri:3, instance:RestAssuredTestClass.userGroup@6e9a5ed8]" started-at="2025-07-17T22:44:53 IST" name="updateGroup" finished-at="2025-07-17T22:44:53 IST" depends-on-methods="RestAssuredTestClass.userGroup.createUserGroup" duration-ms="266" status="PASS">
          <reporter-output>
          </reporter-output>
        </test-method> <!-- updateGroup -->
        <test-method is-config="true" signature="afterResult(org.testng.ITestResult)[pri:0, instance:RestAssuredTestClass.userGroup@6e9a5ed8]" started-at="2025-07-17T22:44:53 IST" name="afterResult" finished-at="2025-07-17T22:44:53 IST" duration-ms="1" status="PASS">
          <params>
            <param index="0">
              <value>
                <![CDATA[[TestResult name=updateGroup status=SUCCESS method=userGroup.updateGroup()[pri:3, instance:RestAssuredTestClass.userGroup@6e9a5ed8] output={null}]]]>
              </value>
            </param>
          </params>
          <reporter-output>
          </reporter-output>
        </test-method> <!-- afterResult -->
        <test-method is-config="true" signature="authenticateUser()[pri:0, instance:RestAssuredTestClass.userGroup@6e9a5ed8]" started-at="2025-07-17T22:44:53 IST" name="authenticateUser" finished-at="2025-07-17T22:44:54 IST" duration-ms="406" status="PASS">
          <reporter-output>
          </reporter-output>
        </test-method> <!-- authenticateUser -->
        <test-method signature="deleteGroup()[pri:4, instance:RestAssuredTestClass.userGroup@6e9a5ed8]" started-at="2025-07-17T22:44:54 IST" name="deleteGroup" finished-at="2025-07-17T22:44:54 IST" duration-ms="326" status="PASS">
          <reporter-output>
          </reporter-output>
        </test-method> <!-- deleteGroup -->
        <test-method is-config="true" signature="afterResult(org.testng.ITestResult)[pri:0, instance:RestAssuredTestClass.userGroup@6e9a5ed8]" started-at="2025-07-17T22:44:54 IST" name="afterResult" finished-at="2025-07-17T22:44:54 IST" duration-ms="1" status="PASS">
          <params>
            <param index="0">
              <value>
                <![CDATA[[TestResult name=deleteGroup status=SUCCESS method=userGroup.deleteGroup()[pri:4, instance:RestAssuredTestClass.userGroup@6e9a5ed8] output={null}]]]>
              </value>
            </param>
          </params>
          <reporter-output>
          </reporter-output>
        </test-method> <!-- afterResult -->
        <test-method is-config="true" signature="authenticateUser()[pri:0, instance:RestAssuredTestClass.userGroup@6e9a5ed8]" started-at="2025-07-17T22:44:54 IST" name="authenticateUser" finished-at="2025-07-17T22:44:55 IST" duration-ms="817" status="PASS">
          <reporter-output>
          </reporter-output>
        </test-method> <!-- authenticateUser -->
        <test-method signature="assignUserToGroup()[pri:5, instance:RestAssuredTestClass.userGroup@6e9a5ed8]" started-at="2025-07-17T22:44:55 IST" name="assignUserToGroup" finished-at="2025-07-17T22:44:55 IST" duration-ms="327" status="PASS">
          <reporter-output>
          </reporter-output>
        </test-method> <!-- assignUserToGroup -->
        <test-method is-config="true" signature="afterResult(org.testng.ITestResult)[pri:0, instance:RestAssuredTestClass.userGroup@6e9a5ed8]" started-at="2025-07-17T22:44:55 IST" name="afterResult" finished-at="2025-07-17T22:44:55 IST" duration-ms="3" status="PASS">
          <params>
            <param index="0">
              <value>
                <![CDATA[[TestResult name=assignUserToGroup status=SUCCESS method=userGroup.assignUserToGroup()[pri:5, instance:RestAssuredTestClass.userGroup@6e9a5ed8] output={null}]]]>
              </value>
            </param>
          </params>
          <reporter-output>
          </reporter-output>
        </test-method> <!-- afterResult -->
        <test-method is-config="true" signature="authenticateUser()[pri:0, instance:RestAssuredTestClass.userGroup@6e9a5ed8]" started-at="2025-07-17T22:44:55 IST" name="authenticateUser" finished-at="2025-07-17T22:44:56 IST" duration-ms="1120" status="PASS">
          <reporter-output>
          </reporter-output>
        </test-method> <!-- authenticateUser -->
        <test-method signature="unassignGroup()[pri:6, instance:RestAssuredTestClass.userGroup@6e9a5ed8]" started-at="2025-07-17T22:44:56 IST" name="unassignGroup" finished-at="2025-07-17T22:44:57 IST" depends-on-methods="RestAssuredTestClass.userGroup.assignUserToGroup" duration-ms="325" status="PASS">
          <reporter-output>
          </reporter-output>
        </test-method> <!-- unassignGroup -->
        <test-method is-config="true" signature="afterResult(org.testng.ITestResult)[pri:0, instance:RestAssuredTestClass.userGroup@6e9a5ed8]" started-at="2025-07-17T22:44:57 IST" name="afterResult" finished-at="2025-07-17T22:44:57 IST" duration-ms="2" status="PASS">
          <params>
            <param index="0">
              <value>
                <![CDATA[[TestResult name=unassignGroup status=SUCCESS method=userGroup.unassignGroup()[pri:6, instance:RestAssuredTestClass.userGroup@6e9a5ed8] output={null}]]]>
              </value>
            </param>
          </params>
          <reporter-output>
          </reporter-output>
        </test-method> <!-- afterResult -->
        <test-method is-config="true" signature="closeTest()[pri:0, instance:RestAssuredTestClass.userGroup@6e9a5ed8]" started-at="2025-07-17T22:44:57 IST" name="closeTest" finished-at="2025-07-17T22:44:59 IST" duration-ms="1935" status="PASS">
          <reporter-output>
          </reporter-output>
        </test-method> <!-- closeTest -->
      </class> <!-- RestAssuredTestClass.userGroup -->
    </test> <!-- Test -->
  </suite> <!-- Suite -->
</testng-results>
