<?xml version="1.0" encoding="UTF-8"?>
<!-- Generated by org.testng.reporters.JUnitReportReporter -->
<testsuite hostname="AELPT-0923" failures="0" tests="1" name="RestAssuredFramework.RestAssuredFramework.RestAssured_Post1" time="5.642" errors="0" timestamp="2025-07-16T12:56:42 IST" skipped="0">
  <testcase classname="RestAssuredFramework.RestAssuredFramework.RestAssured_Post1" name="createUser1" time="5.642"/>
</testsuite> <!-- RestAssuredFramework.RestAssuredFramework.RestAssured_Post1 -->
