<?xml version="1.0" encoding="UTF-8"?>
<!-- Generated by org.testng.reporters.JUnitReportReporter -->
<testsuite hostname="AELPT-0923" failures="0" tests="3" name="RestAssuredTestClass.getLicenseDetails" time="11.642" errors="0" timestamp="2025-07-19T17:41:09 IST" skipped="0">
  <testcase classname="RestAssuredTestClass.getLicenseDetails" name="getLicense" time="3.090"/>
  <testcase classname="RestAssuredTestClass.getLicenseDetails" name="sendJson" time="6.206"/>
  <testcase classname="RestAssuredTestClass.getLicenseDetails" name="sendXml" time="2.346"/>
</testsuite> <!-- RestAssuredTestClass.getLicenseDetails -->
