<?xml version="1.0" encoding="UTF-8"?>
<!-- Generated by org.testng.reporters.JUnitReportReporter -->
<testsuite hostname="AELPT-0923" failures="0" tests="6" name="RestAssuredTestClass.userGroup" time="13.364" errors="0" timestamp="2025-07-17T22:45:00 IST" skipped="0">
  <testcase classname="RestAssuredTestClass.userGroup" name="getGroups" time="4.149"/>
  <testcase classname="RestAssuredTestClass.userGroup" name="createUserGroup" time="0.960"/>
  <testcase classname="RestAssuredTestClass.userGroup" name="updateGroup" time="0.683"/>
  <testcase classname="RestAssuredTestClass.userGroup" name="deleteGroup" time="0.804"/>
  <testcase classname="RestAssuredTestClass.userGroup" name="assignUserToGroup" time="1.450"/>
  <testcase classname="RestAssuredTestClass.userGroup" name="unassignGroup" time="5.318"/>
</testsuite> <!-- RestAssuredTestClass.userGroup -->
