<?xml version="1.0" encoding="UTF-8"?>
<!-- Generated by org.testng.reporters.JUnitReportReporter -->
<testsuite hostname="AELPT-0923" failures="0" tests="6" name="RestAssuredTestClass.userGroup" time="15.121" errors="0" timestamp="2025-07-17T22:08:29 IST" skipped="0">
  <testcase classname="RestAssuredTestClass.userGroup" name="getGroups" time="9.632"/>
  <testcase classname="RestAssuredTestClass.userGroup" name="createUserGroup" time="1.167"/>
  <testcase classname="RestAssuredTestClass.userGroup" name="updateGroup" time="1.178"/>
  <testcase classname="RestAssuredTestClass.userGroup" name="deleteGroup" time="0.907"/>
  <testcase classname="RestAssuredTestClass.userGroup" name="assignUserToGroup" time="1.326"/>
  <testcase classname="RestAssuredTestClass.userGroup" name="unassignGroup" time="0.911"/>
</testsuite> <!-- RestAssuredTestClass.userGroup -->
